Unity Editor version:    2022.1.7f1 (240f4c1f462c)
Branch:                  2022.1/staging
Build type:              Release
Batch mode:              YES
macOS version:           Version 12.2.1 (Build 21D62)
Darwin version:          21.3.0
Architecture:            x86_64
Running under Rosetta:   NO
Available memory:        8192 MB
Using pre-set license
Pro License: YES

COMMAND LINE ARGUMENTS:
/Applications/Unity/Unity.app/Contents/MacOS/Unity
-adb2
-batchMode
-noUpm
-name
AssetImportWorker0
-projectPath
/Users/naz/190722_1
-logFile
Logs/AssetImportWorker0.log
-srvPort
63410
Successfully changed project path to: /Users/naz/190722_1
/Users/naz/190722_1
[UnityMemory] Configuration Parameters - Can be set up in boot.config
    "memorysetup-bucket-allocator-granularity=16"
    "memorysetup-bucket-allocator-bucket-count=8"
    "memorysetup-bucket-allocator-block-size=33554432"
    "memorysetup-bucket-allocator-block-count=8"
    "memorysetup-main-allocator-block-size=16777216"
    "memorysetup-thread-allocator-block-size=16777216"
    "memorysetup-gfx-main-allocator-block-size=16777216"
    "memorysetup-gfx-thread-allocator-block-size=16777216"
    "memorysetup-cache-allocator-block-size=4194304"
    "memorysetup-typetree-allocator-block-size=2097152"
    "memorysetup-profiler-bucket-allocator-granularity=16"
    "memorysetup-profiler-bucket-allocator-bucket-count=8"
    "memorysetup-profiler-bucket-allocator-block-size=33554432"
    "memorysetup-profiler-bucket-allocator-block-count=8"
    "memorysetup-profiler-allocator-block-size=16777216"
    "memorysetup-profiler-editor-allocator-block-size=1048576"
    "memorysetup-temp-allocator-size-main=16777216"
    "memorysetup-job-temp-allocator-block-size=2097152"
    "memorysetup-job-temp-allocator-block-size-background=1048576"
    "memorysetup-job-temp-allocator-reduction-small-platforms=262144"
    "memorysetup-temp-allocator-size-background-worker=32768"
    "memorysetup-temp-allocator-size-job-worker=262144"
    "memorysetup-temp-allocator-size-preload-manager=33554432"
    "memorysetup-temp-allocator-size-nav-mesh-worker=65536"
    "memorysetup-temp-allocator-size-audio-worker=65536"
    "memorysetup-temp-allocator-size-cloud-worker=32768"
    "memorysetup-temp-allocator-size-gi-baking-worker=262144"
    "memorysetup-temp-allocator-size-gfx=262144"
Refreshing native plugins compatible for Editor in 273.12 ms, found 2 plugins.
Preloading 0 native plugins for Editor in 0.00 ms.
Initialize engine version: 2022.1.7f1 (240f4c1f462c)
[Subsystems] Discovering subsystems at path /Applications/Unity/Unity.app/Contents/Resources/UnitySubsystems
[Subsystems] Discovering subsystems at path /Users/naz/190722_1/Assets
GfxDevice: creating device client; threaded=0; jobified=0
Color LCD preferred device: Intel(R) UHD Graphics 617 (low power)
Metal devices available: 1
0: Intel(R) UHD Graphics 617 (low power)
Using device Intel(R) UHD Graphics 617 (low power)
Initializing Metal device caps: Intel(R) UHD Graphics 617
Initialize mono
Mono path[0] = '/Applications/Unity/Unity.app/Contents/Managed'
Mono path[1] = '/Applications/Unity/Unity.app/Contents/MonoBleedingEdge/lib/mono/unityjit-macos'
Mono config path = '/Applications/Unity/Unity.app/Contents/MonoBleedingEdge/etc'
Using monoOptions --debugger-agent=transport=dt_socket,embedding=1,server=y,suspend=n,address=127.0.0.1:56012
Begin MonoManager ReloadAssembly
Registering precompiled unity dll's ...
Register platform support module: /Applications/Unity/Unity.app/Contents/PlaybackEngines/MacStandaloneSupport/UnityEditor.OSXStandalone.Extensions.dll
Registered in 0.004963 seconds.
Native extension for OSXStandalone target not found
Refreshing native plugins compatible for Editor in 131.94 ms, found 2 plugins.
Preloading 0 native plugins for Editor in 0.00 ms.
Mono: successfully reloaded assembly
- Completed reload, in  1.973 seconds
Domain Reload Profiling:
	ReloadAssembly (1974ms)
		BeginReloadAssembly (353ms)
			ExecutionOrderSort (0ms)
			DisableScriptedObjects (0ms)
			BackupInstance (0ms)
			ReleaseScriptingObjects (0ms)
			CreateAndSetChildDomain (3ms)
		EndReloadAssembly (1198ms)
			LoadAssemblies (355ms)
			RebuildTransferFunctionScriptingTraits (0ms)
			SetupTypeCache (462ms)
				TypeCache.Initialize (461ms)
					TypeCache.ScanAssembly (459ms)
				ResolveRequiredComponents (1ms)
			ReleaseScriptCaches (0ms)
			RebuildScriptCaches (86ms)
			SetupLoadedEditorAssemblies (477ms)
				LogAssemblyErrors (0ms)
				InitializePlatformSupportModulesInManaged (11ms)
				SetLoadedEditorAssemblies (12ms)
				RefreshPlugins (132ms)
				BeforeProcessingInitializeOnLoad (3ms)
				ProcessInitializeOnLoadAttributes (228ms)
				ProcessInitializeOnLoadMethodAttributes (90ms)
				AfterProcessingInitializeOnLoad (0ms)
				EditorAssembliesLoaded (0ms)
			ExecutionOrderSort2 (0ms)
			AwakeInstancesAfterBackupRestoration (0ms)
Platform modules already initialized, skipping
Registering precompiled user dll's ...
Registered in 0.003759 seconds.
Begin MonoManager ReloadAssembly
Symbol file LoadedFromMemory doesn't match image /Users/naz/190722_1/Library/PackageCache/com.unity.visualscripting@1.7.8/Editor/VisualScripting.Core/Dependencies/YamlDotNet/Unity.VisualScripting.YamlDotNet.dll
Symbol file LoadedFromMemory doesn't match image /Users/naz/190722_1/Library/PackageCache/com.unity.visualscripting@1.7.8/Editor/VisualScripting.Core/Dependencies/DotNetZip/Unity.VisualScripting.IonicZip.dll
Native extension for OSXStandalone target not found
Refreshing native plugins compatible for Editor in 0.78 ms, found 2 plugins.
Preloading 0 native plugins for Editor in 0.00 ms.
Mono: successfully reloaded assembly
- Completed reload, in  2.676 seconds
Domain Reload Profiling:
	ReloadAssembly (2678ms)
		BeginReloadAssembly (311ms)
			ExecutionOrderSort (0ms)
			DisableScriptedObjects (10ms)
			BackupInstance (0ms)
			ReleaseScriptingObjects (0ms)
			CreateAndSetChildDomain (32ms)
		EndReloadAssembly (2096ms)
			LoadAssemblies (396ms)
			RebuildTransferFunctionScriptingTraits (0ms)
			SetupTypeCache (911ms)
				TypeCache.Initialize (903ms)
					TypeCache.ScanAssembly (897ms)
				ResolveRequiredComponents (8ms)
			ReleaseScriptCaches (1ms)
			RebuildScriptCaches (105ms)
			SetupLoadedEditorAssemblies (704ms)
				LogAssemblyErrors (0ms)
				InitializePlatformSupportModulesInManaged (6ms)
				SetLoadedEditorAssemblies (10ms)
				RefreshPlugins (1ms)
				BeforeProcessingInitializeOnLoad (141ms)
				ProcessInitializeOnLoadAttributes (483ms)
				ProcessInitializeOnLoadMethodAttributes (61ms)
				AfterProcessingInitializeOnLoad (1ms)
				EditorAssembliesLoaded (0ms)
			ExecutionOrderSort2 (0ms)
			AwakeInstancesAfterBackupRestoration (7ms)
Platform modules already initialized, skipping
========================================================================
Worker process is ready to serve import requests
Launching external process: /Applications/Unity/Unity.app/Contents/Tools/UnityShaderCompiler
Launched and connected shader compiler UnityShaderCompiler after 0.11 seconds
Refreshing native plugins compatible for Editor in 0.89 ms, found 2 plugins.
Preloading 0 native plugins for Editor in 0.00 ms.
Unloading 3385 Unused Serialized files (Serialized files now loaded: 0)
Unloading 26 unused Assets / (106.1 KB). Loaded Objects now: 3845.
Memory consumption went from 0.62 GB to 0.62 GB.
Total: 5.896619 ms (FindLiveObjects: 0.401954 ms CreateObjectMapping: 0.611843 ms MarkObjects: 4.741675 ms  DeleteObjects: 0.121656 ms)

AssetImportParameters requested are different than current active one (requested -> active):
  custom:video-decoder-ogg-theora: a1e56fd34408186e4bbccfd4996cb3dc -> 
  custom:container-muxer-webm: aa71ff27fc2769a1b78a27578f13a17b -> 
  custom:container-demuxer-webm: 4f35f7cbe854078d1ac9338744f61a02 -> 
  custom:video-encoder-webm-vp8: eb34c28f22e8b96e1ab97ce403110664 -> 
  custom:framework-osx-AVFoundation: e770b220cccbd017edd2c1fefb359320 -> 
  custom:audio-encoder-webm-vorbis: bf7c407c2cedff20999df2af8eb42d56 -> 
  custom:container-demuxer-ogg: 62fdf1f143b41e24485cea50d1cbac27 -> 
  custom:video-decoder-webm-vp8: 9c59270c3fd7afecdb556c50c9e8de78 -> 
  custom:audio-decoder-ogg-vorbis: bf7c407c2cedff20999df2af8eb42d56 -> 
========================================================================
Received Import Request.
  Time since last request: 466003.484384 seconds.
  path: Assets/Ground
  artifactKey: Guid(c340d2fd7233141aabfdaf4797fbbc3c) Importer(815301076,1909f56bfc062723c751e8b465ee728b)
Start importing Assets/Ground using Guid(c340d2fd7233141aabfdaf4797fbbc3c) Importer(815301076,1909f56bfc062723c751e8b465ee728b)  -> (artifact id: 'a0e25ecb2576c46f1520f4323cdddb6d') in 0.007366 seconds 
========================================================================
Received Import Request.
  Time since last request: 9.452257 seconds.
  path: Assets/Ground/Ground1.mat
  artifactKey: Guid(5ebefbbb270de40db99527557a64093f) Importer(815301076,1909f56bfc062723c751e8b465ee728b)
Start importing Assets/Ground/Ground1.mat using Guid(5ebefbbb270de40db99527557a64093f) Importer(815301076,1909f56bfc062723c751e8b465ee728b)  -> (artifact id: '05115e6a5f5feef039b20bcb3888b9ad') in 2.117436 seconds 
========================================================================
Received Import Request.
  Time since last request: 6.197454 seconds.
  path: Assets/Ground/Ground2.mat
  artifactKey: Guid(376156c0c8bb345ab8b1fced7058d2dd) Importer(815301076,1909f56bfc062723c751e8b465ee728b)
Start importing Assets/Ground/Ground2.mat using Guid(376156c0c8bb345ab8b1fced7058d2dd) Importer(815301076,1909f56bfc062723c751e8b465ee728b)  -> (artifact id: '260b078d6b923efb05994678b95c30dc') in 0.035286 seconds 
========================================================================
Received Import Request.
  Time since last request: 502.579189 seconds.
  path: Assets/Ground/GroundDark.mat
  artifactKey: Guid(376156c0c8bb345ab8b1fced7058d2dd) Importer(815301076,1909f56bfc062723c751e8b465ee728b)
Start importing Assets/Ground/GroundDark.mat using Guid(376156c0c8bb345ab8b1fced7058d2dd) Importer(815301076,1909f56bfc062723c751e8b465ee728b)  -> (artifact id: 'dc033c4d3b8e31ca3952a95816983220') in 0.055962 seconds 
========================================================================
Received Import Request.
  Time since last request: 9.359304 seconds.
  path: Assets/Ground/GroundLight.mat
  artifactKey: Guid(5ebefbbb270de40db99527557a64093f) Importer(815301076,1909f56bfc062723c751e8b465ee728b)
Start importing Assets/Ground/GroundLight.mat using Guid(5ebefbbb270de40db99527557a64093f) Importer(815301076,1909f56bfc062723c751e8b465ee728b)  -> (artifact id: '30cbcfb593d50a45f96438d456df7783') in 0.028082 seconds 
========================================================================
Received Import Request.
  Time since last request: 1358.730544 seconds.
  path: Assets/Ground/Edges.mat
  artifactKey: Guid(428dc4d8381d44a2dbf6cf67b35cf5d5) Importer(815301076,1909f56bfc062723c751e8b465ee728b)
Start importing Assets/Ground/Edges.mat using Guid(428dc4d8381d44a2dbf6cf67b35cf5d5) Importer(815301076,1909f56bfc062723c751e8b465ee728b)  -> (artifact id: 'f2ef97cd9202c9657566e8ae6b475d5f') in 0.217386 seconds 
========================================================================
Received Import Request.
  Time since last request: 420.132815 seconds.
  path: Assets/Scenes
  artifactKey: Guid(ed488db1dc467436d897e2e472cc2ab2) Importer(815301076,1909f56bfc062723c751e8b465ee728b)
Start importing Assets/Scenes using Guid(ed488db1dc467436d897e2e472cc2ab2) Importer(815301076,1909f56bfc062723c751e8b465ee728b)  -> (artifact id: 'a7f5f0f6373fb1474c72b46200f5eb5c') in 0.003330 seconds 
========================================================================
Received Prepare
Registering precompiled user dll's ...
Registered in 0.002825 seconds.
Begin MonoManager ReloadAssembly
Symbol file LoadedFromMemory doesn't match image /Users/naz/190722_1/Library/PackageCache/com.unity.visualscripting@1.7.8/Editor/VisualScripting.Core/Dependencies/YamlDotNet/Unity.VisualScripting.YamlDotNet.dll
Symbol file LoadedFromMemory doesn't match image /Users/naz/190722_1/Library/PackageCache/com.unity.visualscripting@1.7.8/Editor/VisualScripting.Core/Dependencies/DotNetZip/Unity.VisualScripting.IonicZip.dll
Native extension for OSXStandalone target not found
Refreshing native plugins compatible for Editor in 3.70 ms, found 2 plugins.
Preloading 0 native plugins for Editor in 0.00 ms.
Mono: successfully reloaded assembly
- Completed reload, in  6.562 seconds
Domain Reload Profiling:
	ReloadAssembly (6565ms)
		BeginReloadAssembly (1060ms)
			ExecutionOrderSort (0ms)
			DisableScriptedObjects (44ms)
			BackupInstance (0ms)
			ReleaseScriptingObjects (0ms)
			CreateAndSetChildDomain (412ms)
		EndReloadAssembly (4940ms)
			LoadAssemblies (702ms)
			RebuildTransferFunctionScriptingTraits (0ms)
			SetupTypeCache (1993ms)
				TypeCache.Initialize (1961ms)
					TypeCache.ScanAssembly (1933ms)
				ResolveRequiredComponents (32ms)
			ReleaseScriptCaches (5ms)
			RebuildScriptCaches (300ms)
			SetupLoadedEditorAssemblies (1787ms)
				LogAssemblyErrors (0ms)
				InitializePlatformSupportModulesInManaged (56ms)
				SetLoadedEditorAssemblies (34ms)
				RefreshPlugins (4ms)
				BeforeProcessingInitializeOnLoad (214ms)
				ProcessInitializeOnLoadAttributes (1319ms)
				ProcessInitializeOnLoadMethodAttributes (155ms)
				AfterProcessingInitializeOnLoad (4ms)
				EditorAssembliesLoaded (0ms)
			ExecutionOrderSort2 (0ms)
			AwakeInstancesAfterBackupRestoration (30ms)
Platform modules already initialized, skipping
Refreshing native plugins compatible for Editor in 5.01 ms, found 2 plugins.
Preloading 0 native plugins for Editor in 0.00 ms.
Unloading 3378 Unused Serialized files (Serialized files now loaded: 0)
Unloading 19 unused Assets / (22.8 KB). Loaded Objects now: 3888.
Memory consumption went from 0.63 GB to 0.63 GB.
Total: 10.543620 ms (FindLiveObjects: 0.944407 ms CreateObjectMapping: 1.106781 ms MarkObjects: 8.414207 ms  DeleteObjects: 0.074495 ms)

AssetImportParameters requested are different than current active one (requested -> active):
  custom:video-decoder-ogg-theora: a1e56fd34408186e4bbccfd4996cb3dc -> 
  custom:container-muxer-webm: aa71ff27fc2769a1b78a27578f13a17b -> 
  custom:container-demuxer-webm: 4f35f7cbe854078d1ac9338744f61a02 -> 
  custom:video-encoder-webm-vp8: eb34c28f22e8b96e1ab97ce403110664 -> 
  custom:framework-osx-AVFoundation: e770b220cccbd017edd2c1fefb359320 -> 
  custom:audio-encoder-webm-vorbis: bf7c407c2cedff20999df2af8eb42d56 -> 
  custom:container-demuxer-ogg: 62fdf1f143b41e24485cea50d1cbac27 -> 
  custom:video-decoder-webm-vp8: 9c59270c3fd7afecdb556c50c9e8de78 -> 
  custom:audio-decoder-ogg-vorbis: bf7c407c2cedff20999df2af8eb42d56 -> 
========================================================================
Received Import Request.
  Time since last request: 3111.586129 seconds.
  path: Assets/Sides
  artifactKey: Guid(45e619b79892a418bb45800881d23dc4) Importer(815301076,1909f56bfc062723c751e8b465ee728b)
Start importing Assets/Sides using Guid(45e619b79892a418bb45800881d23dc4) Importer(815301076,1909f56bfc062723c751e8b465ee728b)  -> (artifact id: '8b2c5023c91694f0c4e3703b3ed1e520') in 0.008277 seconds 
========================================================================
Received Import Request.
  Time since last request: 21.733597 seconds.
  path: Assets/Sides/SideAdd.mat
  artifactKey: Guid(8ef0e9b0f15db492197973d430085c40) Importer(815301076,1909f56bfc062723c751e8b465ee728b)
Start importing Assets/Sides/SideAdd.mat using Guid(8ef0e9b0f15db492197973d430085c40) Importer(815301076,1909f56bfc062723c751e8b465ee728b)  -> (artifact id: 'c1e6163f33399caf3597c9c32f1ac612') in 0.249935 seconds 
========================================================================
Received Prepare
Registering precompiled user dll's ...
Registered in 0.002608 seconds.
Begin MonoManager ReloadAssembly
Symbol file LoadedFromMemory doesn't match image /Users/naz/190722_1/Library/PackageCache/com.unity.visualscripting@1.7.8/Editor/VisualScripting.Core/Dependencies/YamlDotNet/Unity.VisualScripting.YamlDotNet.dll
Symbol file LoadedFromMemory doesn't match image /Users/naz/190722_1/Library/PackageCache/com.unity.visualscripting@1.7.8/Editor/VisualScripting.Core/Dependencies/DotNetZip/Unity.VisualScripting.IonicZip.dll
Native extension for OSXStandalone target not found
Refreshing native plugins compatible for Editor in 1.24 ms, found 2 plugins.
Preloading 0 native plugins for Editor in 0.00 ms.
Mono: successfully reloaded assembly
- Completed reload, in  1.686 seconds
Domain Reload Profiling:
	ReloadAssembly (1688ms)
		BeginReloadAssembly (354ms)
			ExecutionOrderSort (0ms)
			DisableScriptedObjects (13ms)
			BackupInstance (0ms)
			ReleaseScriptingObjects (0ms)
			CreateAndSetChildDomain (179ms)
		EndReloadAssembly (1180ms)
			LoadAssemblies (128ms)
			RebuildTransferFunctionScriptingTraits (0ms)
			SetupTypeCache (473ms)
				TypeCache.Initialize (465ms)
					TypeCache.ScanAssembly (455ms)
				ResolveRequiredComponents (8ms)
			ReleaseScriptCaches (2ms)
			RebuildScriptCaches (69ms)
			SetupLoadedEditorAssemblies (454ms)
				LogAssemblyErrors (0ms)
				InitializePlatformSupportModulesInManaged (15ms)
				SetLoadedEditorAssemblies (10ms)
				RefreshPlugins (1ms)
				BeforeProcessingInitializeOnLoad (69ms)
				ProcessInitializeOnLoadAttributes (320ms)
				ProcessInitializeOnLoadMethodAttributes (37ms)
				AfterProcessingInitializeOnLoad (1ms)
				EditorAssembliesLoaded (0ms)
			ExecutionOrderSort2 (0ms)
			AwakeInstancesAfterBackupRestoration (6ms)
Platform modules already initialized, skipping
Refreshing native plugins compatible for Editor in 6.06 ms, found 2 plugins.
Preloading 0 native plugins for Editor in 0.00 ms.
Unloading 3378 Unused Serialized files (Serialized files now loaded: 0)
Unloading 19 unused Assets / (22.8 KB). Loaded Objects now: 3891.
Memory consumption went from 0.63 GB to 0.63 GB.
Total: 6.047093 ms (FindLiveObjects: 0.448163 ms CreateObjectMapping: 0.365248 ms MarkObjects: 5.148202 ms  DeleteObjects: 0.083434 ms)

AssetImportParameters requested are different than current active one (requested -> active):
  custom:video-decoder-ogg-theora: a1e56fd34408186e4bbccfd4996cb3dc -> 
  custom:container-muxer-webm: aa71ff27fc2769a1b78a27578f13a17b -> 
  custom:container-demuxer-webm: 4f35f7cbe854078d1ac9338744f61a02 -> 
  custom:video-encoder-webm-vp8: eb34c28f22e8b96e1ab97ce403110664 -> 
  custom:framework-osx-AVFoundation: e770b220cccbd017edd2c1fefb359320 -> 
  custom:audio-encoder-webm-vorbis: bf7c407c2cedff20999df2af8eb42d56 -> 
  custom:container-demuxer-ogg: 62fdf1f143b41e24485cea50d1cbac27 -> 
  custom:video-decoder-webm-vp8: 9c59270c3fd7afecdb556c50c9e8de78 -> 
  custom:audio-decoder-ogg-vorbis: bf7c407c2cedff20999df2af8eb42d56 -> 
========================================================================
Received Import Request.
  Time since last request: 3324.098481 seconds.
  path: Assets/CollectiblePieces.mat
  artifactKey: Guid(957f98c6bcc9242d0862c1036d9c93de) Importer(815301076,1909f56bfc062723c751e8b465ee728b)
Start importing Assets/CollectiblePieces.mat using Guid(957f98c6bcc9242d0862c1036d9c93de) Importer(815301076,1909f56bfc062723c751e8b465ee728b)  -> (artifact id: '3bdf4de91a24927fcd360fb56f7c777d') in 0.536680 seconds 
========================================================================
Received Import Request.
  Time since last request: 22.549435 seconds.
  path: Assets/CollectiblePieces
  artifactKey: Guid(8b4c36b2e6aaa419a94419380f375922) Importer(815301076,1909f56bfc062723c751e8b465ee728b)
Start importing Assets/CollectiblePieces using Guid(8b4c36b2e6aaa419a94419380f375922) Importer(815301076,1909f56bfc062723c751e8b465ee728b)  -> (artifact id: '093cc2322b8dd40b24e26a1696186f56') in 0.001964 seconds 
========================================================================
Received Import Request.
  Time since last request: 15.855388 seconds.
  path: Assets/Collectible.mat
  artifactKey: Guid(957f98c6bcc9242d0862c1036d9c93de) Importer(815301076,1909f56bfc062723c751e8b465ee728b)
Start importing Assets/Collectible.mat using Guid(957f98c6bcc9242d0862c1036d9c93de) Importer(815301076,1909f56bfc062723c751e8b465ee728b)  -> (artifact id: '59e5b9072060c999a8a64612cf55e6f0') in 0.032522 seconds 
========================================================================
Received Import Request.
  Time since last request: 12.172333 seconds.
  path: Assets/OnTheWay
  artifactKey: Guid(8b4c36b2e6aaa419a94419380f375922) Importer(815301076,1909f56bfc062723c751e8b465ee728b)
Start importing Assets/OnTheWay using Guid(8b4c36b2e6aaa419a94419380f375922) Importer(815301076,1909f56bfc062723c751e8b465ee728b)  -> (artifact id: 'e13cdf7fe3e293e62d031842dc73fcd7') in 0.003634 seconds 
========================================================================
Received Import Request.
  Time since last request: 12.241838 seconds.
  path: Assets/Collector.mat
  artifactKey: Guid(825cfeca7daa84fb0a753a0698038e54) Importer(815301076,1909f56bfc062723c751e8b465ee728b)
Start importing Assets/Collector.mat using Guid(825cfeca7daa84fb0a753a0698038e54) Importer(815301076,1909f56bfc062723c751e8b465ee728b)  -> (artifact id: '1ffda1a39e4a2303908ee4212141da2a') in 0.025493 seconds 
